<?xml version="1.0" encoding="UTF-8"?>
<!-- Generated by org.testng.reporters.JUnitXMLReporter -->
<testsuite hostname="123mm" ignored="4" name="SomkeTest" tests="6" failures="0" timestamp="22 Oct 2020 03:16:32 GMT" time="141.818" errors="0">
  <testcase name="orderHistoryTest" time="9.729" classname="com.mystore.testcases.HomePageTest"/>
  <testcase name="wishListTest" time="8.492" classname="com.mystore.testcases.HomePageTest"/>
  <testcase name="productAvialabilityTest" time="6.341" classname="com.mystore.testcases.SearchResultPageTest"/>
  <testcase name="verifyLogo" time="0.245" classname="com.mystore.testcases.IndexPageTest"/>
  <testcase name="verifyTitle" time="0.139" classname="com.mystore.testcases.IndexPageTest"/>
  <testcase name="loginTest" time="7.814" classname="com.mystore.testcases.LoginPageTest"/>
  <testcase name="addToCartTest" time="0.0" classname="com.mystore.testcases.AddToCartPageTest">
    <ignored/>
  </testcase> <!-- addToCartTest -->
  <testcase name="verifyTotalPrice" time="0.0" classname="com.mystore.testcases.OrderPageTest">
    <ignored/>
  </testcase> <!-- verifyTotalPrice -->
  <testcase name="verifyCreateAccountPageTest" time="0.0" classname="com.mystore.testcases.AccountCreartionpageTest">
    <ignored/>
  </testcase> <!-- verifyCreateAccountPageTest -->
  <testcase name="endToEndTest" time="0.0" classname="com.mystore.testcases.EndToEndTest">
    <ignored/>
  </testcase> <!-- endToEndTest -->
</testsuite> <!-- SomkeTest -->
