<?xml version="1.0" encoding="UTF-8"?>
<!-- Generated by org.testng.reporters.JUnitXMLReporter -->
<testsuite hostname="123mm" ignored="7" name="RegressionTest" tests="3" failures="0" timestamp="22 Oct 2020 20:27:02 GMT" time="229.721" errors="0">
  <testcase name="verifyTotalPrice" time="55.655" classname="com.mystore.testcases.OrderPageTest"/>
  <testcase name="addToCartTest" time="26.886" classname="com.mystore.testcases.AddToCartPageTest"/>
  <testcase name="endToEndTest" time="46.751" classname="com.mystore.testcases.EndToEndTest"/>
  <testcase name="wishListTest" time="0.0" classname="com.mystore.testcases.HomePageTest">
    <ignored/>
  </testcase> <!-- wishListTest -->
  <testcase name="loginTest" time="0.0" classname="com.mystore.testcases.LoginPageTest">
    <ignored/>
  </testcase> <!-- loginTest -->
  <testcase name="verifyCreateAccountPageTest" time="0.0" classname="com.mystore.testcases.AccountCreartionpageTest">
    <ignored/>
  </testcase> <!-- verifyCreateAccountPageTest -->
  <testcase name="verifyLogo" time="0.0" classname="com.mystore.testcases.IndexPageTest">
    <ignored/>
  </testcase> <!-- verifyLogo -->
  <testcase name="productAvialabilityTest" time="0.0" classname="com.mystore.testcases.SearchResultPageTest">
    <ignored/>
  </testcase> <!-- productAvialabilityTest -->
  <testcase name="verifyTitle" time="0.0" classname="com.mystore.testcases.IndexPageTest">
    <ignored/>
  </testcase> <!-- verifyTitle -->
  <testcase name="orderHistoryTest" time="0.0" classname="com.mystore.testcases.HomePageTest">
    <ignored/>
  </testcase> <!-- orderHistoryTest -->
</testsuite> <!-- RegressionTest -->
