<?xml version="1.0" encoding="UTF-8"?>
<!-- Generated by org.testng.reporters.JUnitXMLReporter -->
<testsuite hostname="123mm" ignored="4" name="SomkeTest" tests="6" failures="0" timestamp="23 Oct 2020 04:31:18 GMT" time="345.541" errors="0">
  <testcase name="orderHistoryTest" time="44.712" classname="com.mystore.testcases.HomePageTest"/>
  <testcase name="wishListTest" time="29.181" classname="com.mystore.testcases.HomePageTest"/>
  <testcase name="productAvialabilityTest" time="46.485" classname="com.mystore.testcases.SearchResultPageTest"/>
  <testcase name="verifyLogo" time="5.478" classname="com.mystore.testcases.IndexPageTest"/>
  <testcase name="verifyTitle" time="0.048" classname="com.mystore.testcases.IndexPageTest"/>
  <testcase name="loginTest" time="39.494" classname="com.mystore.testcases.LoginPageTest"/>
  <testcase name="addToCartTest" time="0.0" classname="com.mystore.testcases.AddToCartPageTest">
    <ignored/>
  </testcase> <!-- addToCartTest -->
  <testcase name="verifyTotalPrice" time="0.0" classname="com.mystore.testcases.OrderPageTest">
    <ignored/>
  </testcase> <!-- verifyTotalPrice -->
  <testcase name="verifyCreateAccountPageTest" time="0.0" classname="com.mystore.testcases.AccountCreartionpageTest">
    <ignored/>
  </testcase> <!-- verifyCreateAccountPageTest -->
  <testcase name="endToEndTest" time="0.0" classname="com.mystore.testcases.EndToEndTest">
    <ignored/>
  </testcase> <!-- endToEndTest -->
</testsuite> <!-- SomkeTest -->
