<?xml version="1.0" encoding="UTF-8"?>
<testng-results skipped="0" failed="0" ignored="0" total="2" passed="2">
  <reporter-output>
  </reporter-output>
  <suite name="Default suite" duration-ms="90938" started-at="2020-10-23T04:22:01Z" finished-at="2020-10-23T04:23:32Z">
    <groups>
      <group name="Smoke">
        <method signature="HomePageTest.orderHistoryTest()[pri:0, instance:com.mystore.testcases.HomePageTest@45018215]" name="orderHistoryTest" class="com.mystore.testcases.HomePageTest"/>
        <method signature="HomePageTest.wishListTest()[pri:0, instance:com.mystore.testcases.HomePageTest@45018215]" name="wishListTest" class="com.mystore.testcases.HomePageTest"/>
      </group> <!-- Smoke -->
    </groups>
    <test name="Default test" duration-ms="90938" started-at="2020-10-23T04:22:01Z" finished-at="2020-10-23T04:23:32Z">
      <class name="com.mystore.testcases.HomePageTest">
        <test-method status="PASS" signature="setup()[pri:0, instance:com.mystore.testcases.HomePageTest@45018215]" name="setup" is-config="true" duration-ms="20518" started-at="2020-10-22T21:22:01Z" finished-at="2020-10-22T21:22:22Z">
          <reporter-output>
          </reporter-output>
        </test-method> <!-- setup -->
        <test-method status="PASS" signature="orderHistoryTest()[pri:0, instance:com.mystore.testcases.HomePageTest@45018215]" name="orderHistoryTest" duration-ms="19245" started-at="2020-10-22T21:22:22Z" finished-at="2020-10-22T21:22:41Z">
          <reporter-output>
          </reporter-output>
        </test-method> <!-- orderHistoryTest -->
        <test-method status="PASS" signature="teardown()[pri:0, instance:com.mystore.testcases.HomePageTest@45018215]" name="teardown" is-config="true" duration-ms="1063" started-at="2020-10-22T21:22:41Z" finished-at="2020-10-22T21:22:42Z">
          <reporter-output>
          </reporter-output>
        </test-method> <!-- teardown -->
        <test-method status="PASS" signature="setup()[pri:0, instance:com.mystore.testcases.HomePageTest@45018215]" name="setup" is-config="true" duration-ms="14321" started-at="2020-10-22T21:22:42Z" finished-at="2020-10-22T21:22:57Z">
          <reporter-output>
          </reporter-output>
        </test-method> <!-- setup -->
        <test-method status="PASS" signature="wishListTest()[pri:0, instance:com.mystore.testcases.HomePageTest@45018215]" name="wishListTest" duration-ms="34682" started-at="2020-10-22T21:22:57Z" finished-at="2020-10-22T21:23:31Z">
          <reporter-output>
          </reporter-output>
        </test-method> <!-- wishListTest -->
        <test-method status="PASS" signature="teardown()[pri:0, instance:com.mystore.testcases.HomePageTest@45018215]" name="teardown" is-config="true" duration-ms="1032" started-at="2020-10-22T21:23:31Z" finished-at="2020-10-22T21:23:32Z">
          <reporter-output>
          </reporter-output>
        </test-method> <!-- teardown -->
      </class> <!-- com.mystore.testcases.HomePageTest -->
    </test> <!-- Default test -->
  </suite> <!-- Default suite -->
</testng-results>
